{"/Users/ta-hasunuma/github/1部/Team-Assignment/src/App.tsx": {"path":"/Users/ta-hasunuma/github/1部/Team-Assignment/src/App.tsx","statementMap":{"0":{"start":{"line":27,"column":2},"end":{"line":27,"column":null}},"1":{"start":{"line":29,"column":8},"end":{"line":29,"column":null}},"2":{"start":{"line":31,"column":28},"end":{"line":35,"column":null}},"3":{"start":{"line":32,"column":4},"end":{"line":34,"column":null}},"4":{"start":{"line":33,"column":6},"end":{"line":33,"column":null}},"5":{"start":{"line":37,"column":2},"end":{"line":214,"column":null}},"6":{"start":{"line":66,"column":44},"end":{"line":66,"column":null}},"7":{"start":{"line":170,"column":16},"end":{"line":208,"column":null}},"8":{"start":{"line":186,"column":24},"end":{"line":204,"column":null}}},"fnMap":{"0":{"name":"App","decl":{"start":{"line":12,"column":9},"end":{"line":12,"column":15}},"loc":{"start":{"line":12,"column":15},"end":{"line":216,"column":null}},"line":12},"1":{"name":"(anonymous_1)","decl":{"start":{"line":31,"column":28},"end":{"line":31,"column":34}},"loc":{"start":{"line":31,"column":34},"end":{"line":35,"column":null}},"line":31},"2":{"name":"(anonymous_2)","decl":{"start":{"line":66,"column":28},"end":{"line":66,"column":29}},"loc":{"start":{"line":66,"column":44},"end":{"line":66,"column":null}},"line":66},"3":{"name":"(anonymous_3)","decl":{"start":{"line":169,"column":25},"end":{"line":169,"column":26}},"loc":{"start":{"line":170,"column":16},"end":{"line":208,"column":null}},"line":170},"4":{"name":"(anonymous_4)","decl":{"start":{"line":185,"column":40},"end":{"line":185,"column":41}},"loc":{"start":{"line":186,"column":24},"end":{"line":204,"column":null}},"line":186}},"branchMap":{"0":{"loc":{"start":{"line":32,"column":4},"end":{"line":34,"column":null}},"type":"if","locations":[{"start":{"line":32,"column":4},"end":{"line":34,"column":null}},{"start":{},"end":{}}],"line":32},"1":{"loc":{"start":{"line":87,"column":24},"end":{"line":87,"column":null}},"type":"binary-expr","locations":[{"start":{"line":87,"column":24},"end":{"line":87,"column":47}},{"start":{"line":87,"column":47},"end":{"line":87,"column":null}}],"line":87},"2":{"loc":{"start":{"line":90,"column":15},"end":{"line":100,"column":null}},"type":"cond-expr","locations":[{"start":{"line":91,"column":16},"end":{"line":94,"column":null}},{"start":{"line":96,"column":16},"end":{"line":100,"column":null}}],"line":90},"3":{"loc":{"start":{"line":105,"column":13},"end":{"line":124,"column":null}},"type":"binary-expr","locations":[{"start":{"line":105,"column":13},"end":{"line":105,"column":null}},{"start":{"line":106,"column":14},"end":{"line":124,"column":null}}],"line":105},"4":{"loc":{"start":{"line":130,"column":9},"end":{"line":211,"column":null}},"type":"binary-expr","locations":[{"start":{"line":130,"column":9},"end":{"line":130,"column":null}},{"start":{"line":131,"column":10},"end":{"line":211,"column":null}}],"line":130},"5":{"loc":{"start":{"line":199,"column":48},"end":{"line":199,"column":109}},"type":"cond-expr","locations":[{"start":{"line":199,"column":74},"end":{"line":199,"column":92}},{"start":{"line":199,"column":92},"end":{"line":199,"column":109}}],"line":199},"6":{"loc":{"start":{"line":201,"column":29},"end":{"line":201,"column":68}},"type":"cond-expr","locations":[{"start":{"line":201,"column":55},"end":{"line":201,"column":62}},{"start":{"line":201,"column":62},"end":{"line":201,"column":68}}],"line":201}},"s":{"0":9,"1":9,"2":9,"3":2,"4":2,"5":9,"6":0,"7":9,"8":30},"f":{"0":9,"1":2,"2":0,"3":9,"4":30},"b":{"0":[2,0],"1":[9,9],"2":[0,9],"3":[9,0],"4":[9,3],"5":[15,15],"6":[15,15]},"meta":{"lastBranch":7,"lastFunction":5,"lastStatement":9,"seen":{"f:12:9:12:15":0,"s:27:2:27:Infinity":0,"s:29:8:29:Infinity":1,"s:31:28:35:Infinity":2,"f:31:28:31:34":1,"b:32:4:34:Infinity:undefined:undefined:undefined:undefined":0,"s:32:4:34:Infinity":3,"s:33:6:33:Infinity":4,"s:37:2:214:Infinity":5,"f:66:28:66:29":2,"s:66:44:66:Infinity":6,"b:87:24:87:47:87:47:87:Infinity":1,"b:91:16:94:Infinity:96:16:100:Infinity":2,"b:105:13:105:Infinity:106:14:124:Infinity":3,"b:130:9:130:Infinity:131:10:211:Infinity":4,"f:169:25:169:26":3,"s:170:16:208:Infinity":7,"f:185:40:185:41":4,"s:186:24:204:Infinity":8,"b:199:74:199:92:199:92:199:109":5,"b:201:55:201:62:201:62:201:68":6}}}
,"/Users/ta-hasunuma/github/1部/Team-Assignment/src/components/common/Alert.tsx": {"path":"/Users/ta-hasunuma/github/1部/Team-Assignment/src/components/common/Alert.tsx","statementMap":{"0":{"start":{"line":11,"column":21},"end":{"line":16,"column":null}},"1":{"start":{"line":18,"column":2},"end":{"line":25,"column":null}}},"fnMap":{"0":{"name":"Alert","decl":{"start":{"line":10,"column":16},"end":{"line":10,"column":22}},"loc":{"start":{"line":10,"column":69},"end":{"line":27,"column":null}},"line":10}},"branchMap":{"0":{"loc":{"start":{"line":10,"column":39},"end":{"line":10,"column":54}},"type":"default-arg","locations":[{"start":{"line":10,"column":51},"end":{"line":10,"column":54}}],"line":10}},"s":{"0":6,"1":6},"f":{"0":6},"b":{"0":[6]},"meta":{"lastBranch":1,"lastFunction":1,"lastStatement":2,"seen":{"f:10:16:10:22":0,"b:10:51:10:54":0,"s:11:21:16:Infinity":0,"s:18:2:25:Infinity":1}}}
,"/Users/ta-hasunuma/github/1部/Team-Assignment/src/components/common/Badge.tsx": {"path":"/Users/ta-hasunuma/github/1部/Team-Assignment/src/components/common/Badge.tsx","statementMap":{"0":{"start":{"line":12,"column":21},"end":{"line":12,"column":null}},"1":{"start":{"line":14,"column":2},"end":{"line":21,"column":null}}},"fnMap":{"0":{"name":"Badge","decl":{"start":{"line":11,"column":16},"end":{"line":11,"column":22}},"loc":{"start":{"line":11,"column":61},"end":{"line":23,"column":null}},"line":11}},"branchMap":{"0":{"loc":{"start":{"line":11,"column":31},"end":{"line":11,"column":46}},"type":"default-arg","locations":[{"start":{"line":11,"column":43},"end":{"line":11,"column":46}}],"line":11},"1":{"loc":{"start":{"line":12,"column":21},"end":{"line":12,"column":null}},"type":"cond-expr","locations":[{"start":{"line":12,"column":40},"end":{"line":12,"column":58}},{"start":{"line":12,"column":58},"end":{"line":12,"column":null}}],"line":12},"2":{"loc":{"start":{"line":19,"column":7},"end":{"line":19,"column":null}},"type":"cond-expr","locations":[{"start":{"line":19,"column":26},"end":{"line":19,"column":33}},{"start":{"line":19,"column":33},"end":{"line":19,"column":null}}],"line":19}},"s":{"0":108,"1":108},"f":{"0":108},"b":{"0":[108],"1":[57,51],"2":[57,51]},"meta":{"lastBranch":3,"lastFunction":1,"lastStatement":2,"seen":{"f:11:16:11:22":0,"b:11:43:11:46":0,"s:12:21:12:Infinity":0,"b:12:40:12:58:12:58:12:Infinity":1,"s:14:2:21:Infinity":1,"b:19:26:19:33:19:33:19:Infinity":2}}}
,"/Users/ta-hasunuma/github/1部/Team-Assignment/src/components/common/Loading.tsx": {"path":"/Users/ta-hasunuma/github/1部/Team-Assignment/src/components/common/Loading.tsx","statementMap":{"0":{"start":{"line":9,"column":2},"end":{"line":15,"column":null}}},"fnMap":{"0":{"name":"Loading","decl":{"start":{"line":8,"column":16},"end":{"line":8,"column":24}},"loc":{"start":{"line":8,"column":58},"end":{"line":17,"column":null}},"line":8}},"branchMap":{"0":{"loc":{"start":{"line":8,"column":26},"end":{"line":8,"column":41}},"type":"default-arg","locations":[{"start":{"line":8,"column":38},"end":{"line":8,"column":41}}],"line":8}},"s":{"0":2},"f":{"0":2},"b":{"0":[2]},"meta":{"lastBranch":1,"lastFunction":1,"lastStatement":1,"seen":{"f:8:16:8:24":0,"b:8:38:8:41":0,"s:9:2:15:Infinity":0}}}
,"/Users/ta-hasunuma/github/1部/Team-Assignment/src/components/features/MemberInput.tsx": {"path":"/Users/ta-hasunuma/github/1部/Team-Assignment/src/components/features/MemberInput.tsx","statementMap":{"0":{"start":{"line":13,"column":22},"end":{"line":13,"column":null}},"1":{"start":{"line":14,"column":24},"end":{"line":14,"column":null}},"2":{"start":{"line":16,"column":23},"end":{"line":31,"column":null}},"3":{"start":{"line":17,"column":4},"end":{"line":17,"column":null}},"4":{"start":{"line":19,"column":4},"end":{"line":21,"column":null}},"5":{"start":{"line":20,"column":6},"end":{"line":20,"column":null}},"6":{"start":{"line":23,"column":30},"end":{"line":27,"column":null}},"7":{"start":{"line":29,"column":4},"end":{"line":29,"column":null}},"8":{"start":{"line":30,"column":4},"end":{"line":30,"column":null}},"9":{"start":{"line":33,"column":2},"end":{"line":101,"column":null}},"10":{"start":{"line":56,"column":33},"end":{"line":56,"column":null}},"11":{"start":{"line":82,"column":35},"end":{"line":82,"column":null}},"12":{"start":{"line":93,"column":35},"end":{"line":93,"column":null}}},"fnMap":{"0":{"name":"MemberInput","decl":{"start":{"line":12,"column":16},"end":{"line":12,"column":28}},"loc":{"start":{"line":12,"column":57},"end":{"line":103,"column":null}},"line":12},"1":{"name":"(anonymous_1)","decl":{"start":{"line":16,"column":23},"end":{"line":16,"column":24}},"loc":{"start":{"line":16,"column":47},"end":{"line":31,"column":null}},"line":16},"2":{"name":"(anonymous_2)","decl":{"start":{"line":56,"column":26},"end":{"line":56,"column":27}},"loc":{"start":{"line":56,"column":33},"end":{"line":56,"column":null}},"line":56},"3":{"name":"(anonymous_3)","decl":{"start":{"line":82,"column":28},"end":{"line":82,"column":29}},"loc":{"start":{"line":82,"column":35},"end":{"line":82,"column":null}},"line":82},"4":{"name":"(anonymous_4)","decl":{"start":{"line":93,"column":28},"end":{"line":93,"column":29}},"loc":{"start":{"line":93,"column":35},"end":{"line":93,"column":null}},"line":93}},"branchMap":{"0":{"loc":{"start":{"line":19,"column":4},"end":{"line":21,"column":null}},"type":"if","locations":[{"start":{"line":19,"column":4},"end":{"line":21,"column":null}},{"start":{},"end":{}}],"line":19}},"s":{"0":70,"1":70,"2":70,"3":4,"4":4,"5":0,"6":4,"7":4,"8":4,"9":70,"10":46,"11":0,"12":1},"f":{"0":70,"1":4,"2":46,"3":0,"4":1},"b":{"0":[0,4]},"meta":{"lastBranch":1,"lastFunction":5,"lastStatement":13,"seen":{"f:12:16:12:28":0,"s:13:22:13:Infinity":0,"s:14:24:14:Infinity":1,"s:16:23:31:Infinity":2,"f:16:23:16:24":1,"s:17:4:17:Infinity":3,"b:19:4:21:Infinity:undefined:undefined:undefined:undefined":0,"s:19:4:21:Infinity":4,"s:20:6:20:Infinity":5,"s:23:30:27:Infinity":6,"s:29:4:29:Infinity":7,"s:30:4:30:Infinity":8,"s:33:2:101:Infinity":9,"f:56:26:56:27":2,"s:56:33:56:Infinity":10,"f:82:28:82:29":3,"s:82:35:82:Infinity":11,"f:93:28:93:29":4,"s:93:35:93:Infinity":12}}}
,"/Users/ta-hasunuma/github/1部/Team-Assignment/src/components/features/MemberList.tsx": {"path":"/Users/ta-hasunuma/github/1部/Team-Assignment/src/components/features/MemberList.tsx","statementMap":{"0":{"start":{"line":15,"column":20},"end":{"line":15,"column":null}},"1":{"start":{"line":15,"column":42},"end":{"line":15,"column":60}},"2":{"start":{"line":16,"column":19},"end":{"line":16,"column":null}},"3":{"start":{"line":16,"column":41},"end":{"line":16,"column":58}},"4":{"start":{"line":18,"column":2},"end":{"line":115,"column":null}},"5":{"start":{"line":88,"column":18},"end":{"line":108,"column":null}},"6":{"start":{"line":101,"column":39},"end":{"line":101,"column":null}}},"fnMap":{"0":{"name":"MemberList","decl":{"start":{"line":14,"column":16},"end":{"line":14,"column":27}},"loc":{"start":{"line":14,"column":76},"end":{"line":117,"column":null}},"line":14},"1":{"name":"(anonymous_1)","decl":{"start":{"line":15,"column":35},"end":{"line":15,"column":36}},"loc":{"start":{"line":15,"column":42},"end":{"line":15,"column":60}},"line":15},"2":{"name":"(anonymous_2)","decl":{"start":{"line":16,"column":34},"end":{"line":16,"column":35}},"loc":{"start":{"line":16,"column":41},"end":{"line":16,"column":58}},"line":16},"3":{"name":"(anonymous_3)","decl":{"start":{"line":87,"column":29},"end":{"line":87,"column":30}},"loc":{"start":{"line":88,"column":18},"end":{"line":108,"column":null}},"line":88},"4":{"name":"(anonymous_4)","decl":{"start":{"line":101,"column":33},"end":{"line":101,"column":39}},"loc":{"start":{"line":101,"column":39},"end":{"line":101,"column":null}},"line":101}},"branchMap":{"0":{"loc":{"start":{"line":29,"column":11},"end":{"line":37,"column":null}},"type":"binary-expr","locations":[{"start":{"line":29,"column":11},"end":{"line":29,"column":null}},{"start":{"line":30,"column":12},"end":{"line":37,"column":null}}],"line":29},"1":{"loc":{"start":{"line":63,"column":9},"end":{"line":112,"column":null}},"type":"cond-expr","locations":[{"start":{"line":64,"column":10},"end":{"line":74,"column":null}},{"start":{"line":76,"column":10},"end":{"line":112,"column":null}}],"line":63}},"s":{"0":15,"1":105,"2":15,"3":105,"4":15,"5":105,"6":1},"f":{"0":15,"1":105,"2":105,"3":105,"4":1},"b":{"0":[15,14],"1":[1,14]},"meta":{"lastBranch":2,"lastFunction":5,"lastStatement":7,"seen":{"f:14:16:14:27":0,"s:15:20:15:Infinity":0,"f:15:35:15:36":1,"s:15:42:15:60":1,"s:16:19:16:Infinity":2,"f:16:34:16:35":2,"s:16:41:16:58":3,"s:18:2:115:Infinity":4,"b:29:11:29:Infinity:30:12:37:Infinity":0,"b:64:10:74:Infinity:76:10:112:Infinity":1,"f:87:29:87:30":3,"s:88:18:108:Infinity":5,"f:101:33:101:39":4,"s:101:39:101:Infinity":6}}}
,"/Users/ta-hasunuma/github/1部/Team-Assignment/src/components/features/PatternRuleList.tsx": {"path":"/Users/ta-hasunuma/github/1部/Team-Assignment/src/components/features/PatternRuleList.tsx","statementMap":{"0":{"start":{"line":19,"column":22},"end":{"line":19,"column":null}},"1":{"start":{"line":20,"column":32},"end":{"line":20,"column":null}},"2":{"start":{"line":21,"column":42},"end":{"line":21,"column":null}},"3":{"start":{"line":23,"column":20},"end":{"line":35,"column":null}},"4":{"start":{"line":24,"column":33},"end":{"line":29,"column":null}},"5":{"start":{"line":31,"column":4},"end":{"line":31,"column":null}},"6":{"start":{"line":33,"column":4},"end":{"line":33,"column":null}},"7":{"start":{"line":34,"column":4},"end":{"line":34,"column":null}},"8":{"start":{"line":37,"column":23},"end":{"line":46,"column":null}},"9":{"start":{"line":38,"column":4},"end":{"line":45,"column":null}},"10":{"start":{"line":40,"column":8},"end":{"line":40,"column":null}},"11":{"start":{"line":42,"column":8},"end":{"line":42,"column":null}},"12":{"start":{"line":44,"column":8},"end":{"line":44,"column":null}},"13":{"start":{"line":48,"column":2},"end":{"line":201,"column":null}},"14":{"start":{"line":63,"column":14},"end":{"line":67,"column":null}},"15":{"start":{"line":68,"column":12},"end":{"line":94,"column":null}},"16":{"start":{"line":88,"column":33},"end":{"line":88,"column":null}},"17":{"start":{"line":116,"column":31},"end":{"line":116,"column":null}},"18":{"start":{"line":123,"column":31},"end":{"line":123,"column":null}},"19":{"start":{"line":130,"column":31},"end":{"line":130,"column":null}},"20":{"start":{"line":153,"column":18},"end":{"line":153,"column":null}},"21":{"start":{"line":179,"column":18},"end":{"line":179,"column":null}}},"fnMap":{"0":{"name":"PatternRuleList","decl":{"start":{"line":14,"column":16},"end":{"line":14,"column":32}},"loc":{"start":{"line":18,"column":25},"end":{"line":203,"column":null}},"line":18},"1":{"name":"(anonymous_1)","decl":{"start":{"line":23,"column":20},"end":{"line":23,"column":26}},"loc":{"start":{"line":23,"column":26},"end":{"line":35,"column":null}},"line":23},"2":{"name":"(anonymous_2)","decl":{"start":{"line":37,"column":23},"end":{"line":37,"column":24}},"loc":{"start":{"line":37,"column":51},"end":{"line":46,"column":null}},"line":37},"3":{"name":"(anonymous_3)","decl":{"start":{"line":61,"column":21},"end":{"line":61,"column":22}},"loc":{"start":{"line":61,"column":38},"end":{"line":96,"column":11}},"line":61},"4":{"name":"(anonymous_4)","decl":{"start":{"line":88,"column":27},"end":{"line":88,"column":33}},"loc":{"start":{"line":88,"column":33},"end":{"line":88,"column":null}},"line":88},"5":{"name":"(anonymous_5)","decl":{"start":{"line":116,"column":25},"end":{"line":116,"column":31}},"loc":{"start":{"line":116,"column":31},"end":{"line":116,"column":null}},"line":116},"6":{"name":"(anonymous_6)","decl":{"start":{"line":123,"column":25},"end":{"line":123,"column":31}},"loc":{"start":{"line":123,"column":31},"end":{"line":123,"column":null}},"line":123},"7":{"name":"(anonymous_7)","decl":{"start":{"line":130,"column":25},"end":{"line":130,"column":31}},"loc":{"start":{"line":130,"column":31},"end":{"line":130,"column":null}},"line":130},"8":{"name":"(anonymous_8)","decl":{"start":{"line":152,"column":25},"end":{"line":152,"column":26}},"loc":{"start":{"line":153,"column":18},"end":{"line":153,"column":null}},"line":153},"9":{"name":"(anonymous_9)","decl":{"start":{"line":178,"column":25},"end":{"line":178,"column":26}},"loc":{"start":{"line":179,"column":18},"end":{"line":179,"column":null}},"line":179}},"branchMap":{"0":{"loc":{"start":{"line":38,"column":4},"end":{"line":45,"column":null}},"type":"switch","locations":[{"start":{"line":39,"column":6},"end":{"line":40,"column":null}},{"start":{"line":41,"column":6},"end":{"line":42,"column":null}},{"start":{"line":43,"column":6},"end":{"line":44,"column":null}}],"line":38},"1":{"loc":{"start":{"line":53,"column":9},"end":{"line":54,"column":null}},"type":"binary-expr","locations":[{"start":{"line":53,"column":9},"end":{"line":53,"column":null}},{"start":{"line":54,"column":10},"end":{"line":54,"column":null}}],"line":53},"2":{"loc":{"start":{"line":59,"column":7},"end":{"line":97,"column":null}},"type":"binary-expr","locations":[{"start":{"line":59,"column":7},"end":{"line":59,"column":null}},{"start":{"line":60,"column":8},"end":{"line":97,"column":null}}],"line":59},"3":{"loc":{"start":{"line":63,"column":14},"end":{"line":67,"column":null}},"type":"cond-expr","locations":[{"start":{"line":64,"column":18},"end":{"line":64,"column":null}},{"start":{"line":65,"column":18},"end":{"line":67,"column":null}}],"line":63},"4":{"loc":{"start":{"line":65,"column":18},"end":{"line":67,"column":null}},"type":"cond-expr","locations":[{"start":{"line":66,"column":20},"end":{"line":66,"column":null}},{"start":{"line":67,"column":20},"end":{"line":67,"column":null}}],"line":65},"5":{"loc":{"start":{"line":115,"column":51},"end":{"line":115,"column":103}},"type":"cond-expr","locations":[{"start":{"line":115,"column":74},"end":{"line":115,"column":90}},{"start":{"line":115,"column":90},"end":{"line":115,"column":103}}],"line":115},"6":{"loc":{"start":{"line":122,"column":51},"end":{"line":122,"column":104}},"type":"cond-expr","locations":[{"start":{"line":122,"column":73},"end":{"line":122,"column":91}},{"start":{"line":122,"column":91},"end":{"line":122,"column":104}}],"line":122},"7":{"loc":{"start":{"line":129,"column":51},"end":{"line":129,"column":98}},"type":"cond-expr","locations":[{"start":{"line":129,"column":70},"end":{"line":129,"column":85}},{"start":{"line":129,"column":85},"end":{"line":129,"column":98}}],"line":129}},"s":{"0":23,"1":23,"2":23,"3":23,"4":5,"5":5,"6":5,"7":5,"8":23,"9":3,"10":2,"11":1,"12":0,"13":23,"14":3,"15":3,"16":1,"17":0,"18":1,"19":0,"20":1,"21":1},"f":{"0":23,"1":5,"2":3,"3":3,"4":1,"5":0,"6":1,"7":0,"8":1,"9":1},"b":{"0":[2,1,0],"1":[23,2],"2":[23,2],"3":[2,1],"4":[1,0],"5":[21,2],"6":[2,21],"7":[0,23]},"meta":{"lastBranch":8,"lastFunction":10,"lastStatement":22,"seen":{"f:14:16:14:32":0,"s:19:22:19:Infinity":0,"s:20:32:20:Infinity":1,"s:21:42:21:Infinity":2,"s:23:20:35:Infinity":3,"f:23:20:23:26":1,"s:24:33:29:Infinity":4,"s:31:4:31:Infinity":5,"s:33:4:33:Infinity":6,"s:34:4:34:Infinity":7,"s:37:23:46:Infinity":8,"f:37:23:37:24":2,"b:39:6:40:Infinity:41:6:42:Infinity:43:6:44:Infinity":0,"s:38:4:45:Infinity":9,"s:40:8:40:Infinity":10,"s:42:8:42:Infinity":11,"s:44:8:44:Infinity":12,"s:48:2:201:Infinity":13,"b:53:9:53:Infinity:54:10:54:Infinity":1,"b:59:7:59:Infinity:60:8:97:Infinity":2,"f:61:21:61:22":3,"s:63:14:67:Infinity":14,"b:64:18:64:Infinity:65:18:67:Infinity":3,"b:66:20:66:Infinity:67:20:67:Infinity":4,"s:68:12:94:Infinity":15,"f:88:27:88:33":4,"s:88:33:88:Infinity":16,"b:115:74:115:90:115:90:115:103":5,"f:116:25:116:31":5,"s:116:31:116:Infinity":17,"b:122:73:122:91:122:91:122:104":6,"f:123:25:123:31":6,"s:123:31:123:Infinity":18,"b:129:70:129:85:129:85:129:98":7,"f:130:25:130:31":7,"s:130:31:130:Infinity":19,"f:152:25:152:26":8,"s:153:18:153:Infinity":20,"f:178:25:178:26":9,"s:179:18:179:Infinity":21}}}
,"/Users/ta-hasunuma/github/1部/Team-Assignment/src/components/features/TeamConfig.tsx": {"path":"/Users/ta-hasunuma/github/1部/Team-Assignment/src/components/features/TeamConfig.tsx","statementMap":{"0":{"start":{"line":12,"column":23},"end":{"line":17,"column":null}},"1":{"start":{"line":13,"column":18},"end":{"line":13,"column":null}},"2":{"start":{"line":14,"column":4},"end":{"line":16,"column":null}},"3":{"start":{"line":15,"column":6},"end":{"line":15,"column":null}},"4":{"start":{"line":19,"column":2},"end":{"line":52,"column":null}}},"fnMap":{"0":{"name":"TeamConfig","decl":{"start":{"line":11,"column":16},"end":{"line":11,"column":27}},"loc":{"start":{"line":11,"column":70},"end":{"line":54,"column":null}},"line":11},"1":{"name":"(anonymous_1)","decl":{"start":{"line":12,"column":23},"end":{"line":12,"column":24}},"loc":{"start":{"line":12,"column":67},"end":{"line":17,"column":null}},"line":12}},"branchMap":{"0":{"loc":{"start":{"line":14,"column":4},"end":{"line":16,"column":null}},"type":"if","locations":[{"start":{"line":14,"column":4},"end":{"line":16,"column":null}},{"start":{},"end":{}}],"line":14},"1":{"loc":{"start":{"line":14,"column":8},"end":{"line":14,"column":36}},"type":"binary-expr","locations":[{"start":{"line":14,"column":8},"end":{"line":14,"column":25}},{"start":{"line":14,"column":25},"end":{"line":14,"column":36}}],"line":14}},"s":{"0":14,"1":1,"2":1,"3":1,"4":14},"f":{"0":14,"1":1},"b":{"0":[1,0],"1":[1,1]},"meta":{"lastBranch":2,"lastFunction":2,"lastStatement":5,"seen":{"f:11:16:11:27":0,"s:12:23:17:Infinity":0,"f:12:23:12:24":1,"s:13:18:13:Infinity":1,"b:14:4:16:Infinity:undefined:undefined:undefined:undefined":0,"s:14:4:16:Infinity":2,"b:14:8:14:25:14:25:14:36":1,"s:15:6:15:Infinity":3,"s:19:2:52:Infinity":4}}}
,"/Users/ta-hasunuma/github/1部/Team-Assignment/src/components/features/ValidationMessages.tsx": {"path":"/Users/ta-hasunuma/github/1部/Team-Assignment/src/components/features/ValidationMessages.tsx","statementMap":{"0":{"start":{"line":17,"column":2},"end":{"line":19,"column":null}},"1":{"start":{"line":18,"column":4},"end":{"line":18,"column":null}},"2":{"start":{"line":21,"column":2},"end":{"line":71,"column":null}},"3":{"start":{"line":34,"column":16},"end":{"line":41,"column":null}},"4":{"start":{"line":58,"column":16},"end":{"line":65,"column":null}}},"fnMap":{"0":{"name":"ValidationMessages","decl":{"start":{"line":12,"column":16},"end":{"line":12,"column":35}},"loc":{"start":{"line":16,"column":28},"end":{"line":73,"column":null}},"line":16},"1":{"name":"(anonymous_1)","decl":{"start":{"line":33,"column":26},"end":{"line":33,"column":27}},"loc":{"start":{"line":34,"column":16},"end":{"line":41,"column":null}},"line":34},"2":{"name":"(anonymous_2)","decl":{"start":{"line":57,"column":28},"end":{"line":57,"column":29}},"loc":{"start":{"line":58,"column":16},"end":{"line":65,"column":null}},"line":58}},"branchMap":{"0":{"loc":{"start":{"line":15,"column":2},"end":{"line":15,"column":null}},"type":"default-arg","locations":[{"start":{"line":15,"column":14},"end":{"line":15,"column":null}}],"line":15},"1":{"loc":{"start":{"line":17,"column":2},"end":{"line":19,"column":null}},"type":"if","locations":[{"start":{"line":17,"column":2},"end":{"line":19,"column":null}},{"start":{},"end":{}}],"line":17},"2":{"loc":{"start":{"line":17,"column":6},"end":{"line":17,"column":52}},"type":"binary-expr","locations":[{"start":{"line":17,"column":6},"end":{"line":17,"column":29}},{"start":{"line":17,"column":29},"end":{"line":17,"column":52}}],"line":17},"3":{"loc":{"start":{"line":23,"column":7},"end":{"line":45,"column":null}},"type":"binary-expr","locations":[{"start":{"line":23,"column":7},"end":{"line":23,"column":null}},{"start":{"line":24,"column":8},"end":{"line":45,"column":null}}],"line":23},"4":{"loc":{"start":{"line":47,"column":7},"end":{"line":69,"column":null}},"type":"binary-expr","locations":[{"start":{"line":47,"column":7},"end":{"line":47,"column":null}},{"start":{"line":48,"column":8},"end":{"line":69,"column":null}}],"line":47}},"s":{"0":15,"1":10,"2":5,"3":5,"4":4},"f":{"0":15,"1":5,"2":4},"b":{"0":[15],"1":[10,5],"2":[15,11],"3":[5,4],"4":[15,3]},"meta":{"lastBranch":5,"lastFunction":3,"lastStatement":5,"seen":{"f:12:16:12:35":0,"b:15:14:15:Infinity":0,"b:17:2:19:Infinity:undefined:undefined:undefined:undefined":1,"s:17:2:19:Infinity":0,"b:17:6:17:29:17:29:17:52":2,"s:18:4:18:Infinity":1,"s:21:2:71:Infinity":2,"b:23:7:23:Infinity:24:8:45:Infinity":3,"f:33:26:33:27":1,"s:34:16:41:Infinity":3,"b:47:7:47:Infinity:48:8:69:Infinity":4,"f:57:28:57:29":2,"s:58:16:65:Infinity":4}}}
,"/Users/ta-hasunuma/github/1部/Team-Assignment/src/components/layout/Header.tsx": {"path":"/Users/ta-hasunuma/github/1部/Team-Assignment/src/components/layout/Header.tsx","statementMap":{"0":{"start":{"line":7,"column":2},"end":{"line":66,"column":null}}},"fnMap":{"0":{"name":"Header","decl":{"start":{"line":6,"column":16},"end":{"line":6,"column":25}},"loc":{"start":{"line":6,"column":25},"end":{"line":68,"column":null}},"line":6}},"branchMap":{},"s":{"0":12},"f":{"0":12},"b":{},"meta":{"lastBranch":0,"lastFunction":1,"lastStatement":1,"seen":{"f:6:16:6:25":0,"s:7:2:66:Infinity":0}}}
,"/Users/ta-hasunuma/github/1部/Team-Assignment/src/constants/initialData.ts": {"path":"/Users/ta-hasunuma/github/1部/Team-Assignment/src/constants/initialData.ts","statementMap":{"0":{"start":{"line":6,"column":43},"end":{"line":12,"column":null}},"1":{"start":{"line":17,"column":42},"end":{"line":23,"column":null}},"2":{"start":{"line":28,"column":41},"end":{"line":37,"column":null}},"3":{"start":{"line":29,"column":42},"end":{"line":32,"column":4}},"4":{"start":{"line":33,"column":41},"end":{"line":36,"column":4}},"5":{"start":{"line":42,"column":34},"end":{"line":42,"column":null}},"6":{"start":{"line":47,"column":32},"end":{"line":47,"column":null}}},"fnMap":{"0":{"name":"(anonymous_0)","decl":{"start":{"line":29,"column":22},"end":{"line":29,"column":23}},"loc":{"start":{"line":29,"column":42},"end":{"line":32,"column":4}},"line":29},"1":{"name":"(anonymous_1)","decl":{"start":{"line":33,"column":21},"end":{"line":33,"column":22}},"loc":{"start":{"line":33,"column":41},"end":{"line":36,"column":4}},"line":33}},"branchMap":{},"s":{"0":3,"1":3,"2":3,"3":15,"4":15,"5":3,"6":3},"f":{"0":15,"1":15},"b":{},"meta":{"lastBranch":0,"lastFunction":2,"lastStatement":7,"seen":{"s:6:43:12:Infinity":0,"s:17:42:23:Infinity":1,"s:28:41:37:Infinity":2,"f:29:22:29:23":0,"s:29:42:32:4":3,"f:33:21:33:22":1,"s:33:41:36:4":4,"s:42:34:42:Infinity":5,"s:47:32:47:Infinity":6}}}
,"/Users/ta-hasunuma/github/1部/Team-Assignment/src/features/teamDivider/teamDivider.ts": {"path":"/Users/ta-hasunuma/github/1部/Team-Assignment/src/features/teamDivider/teamDivider.ts","statementMap":{"0":{"start":{"line":10,"column":19},"end":{"line":10,"column":null}},"1":{"start":{"line":12,"column":2},"end":{"line":15,"column":null}},"2":{"start":{"line":12,"column":15},"end":{"line":12,"column":36}},"3":{"start":{"line":13,"column":14},"end":{"line":13,"column":null}},"4":{"start":{"line":14,"column":4},"end":{"line":14,"column":null}},"5":{"start":{"line":17,"column":2},"end":{"line":17,"column":null}},"6":{"start":{"line":27,"column":24},"end":{"line":27,"column":null}},"7":{"start":{"line":28,"column":27},"end":{"line":28,"column":null}},"8":{"start":{"line":30,"column":2},"end":{"line":56,"column":null}},"9":{"start":{"line":31,"column":4},"end":{"line":55,"column":null}},"10":{"start":{"line":31,"column":17},"end":{"line":31,"column":20}},"11":{"start":{"line":32,"column":25},"end":{"line":37,"column":null}},"12":{"start":{"line":40,"column":26},"end":{"line":40,"column":null}},"13":{"start":{"line":41,"column":40},"end":{"line":41,"column":null}},"14":{"start":{"line":43,"column":6},"end":{"line":51,"column":null}},"15":{"start":{"line":43,"column":19},"end":{"line":43,"column":22}},"16":{"start":{"line":44,"column":28},"end":{"line":46,"column":null}},"17":{"start":{"line":45,"column":17},"end":{"line":45,"column":null}},"18":{"start":{"line":47,"column":8},"end":{"line":50,"column":null}},"19":{"start":{"line":48,"column":10},"end":{"line":48,"column":null}},"20":{"start":{"line":49,"column":10},"end":{"line":49,"column":null}},"21":{"start":{"line":53,"column":6},"end":{"line":53,"column":null}},"22":{"start":{"line":54,"column":6},"end":{"line":54,"column":null}},"23":{"start":{"line":58,"column":2},"end":{"line":58,"column":null}},"24":{"start":{"line":69,"column":24},"end":{"line":69,"column":null}},"25":{"start":{"line":70,"column":26},"end":{"line":70,"column":null}},"26":{"start":{"line":71,"column":25},"end":{"line":71,"column":null}},"27":{"start":{"line":72,"column":20},"end":{"line":72,"column":null}},"28":{"start":{"line":74,"column":20},"end":{"line":74,"column":null}},"29":{"start":{"line":76,"column":2},"end":{"line":92,"column":null}},"30":{"start":{"line":76,"column":15},"end":{"line":76,"column":18}},"31":{"start":{"line":77,"column":23},"end":{"line":81,"column":null}},"32":{"start":{"line":84,"column":28},"end":{"line":84,"column":null}},"33":{"start":{"line":85,"column":4},"end":{"line":88,"column":null}},"34":{"start":{"line":89,"column":4},"end":{"line":89,"column":null}},"35":{"start":{"line":91,"column":4},"end":{"line":91,"column":null}},"36":{"start":{"line":94,"column":2},"end":{"line":94,"column":null}},"37":{"start":{"line":105,"column":8},"end":{"line":105,"column":null}},"38":{"start":{"line":106,"column":2},"end":{"line":108,"column":null}},"39":{"start":{"line":107,"column":4},"end":{"line":107,"column":null}},"40":{"start":{"line":111,"column":52},"end":{"line":114,"column":null}},"41":{"start":{"line":117,"column":29},"end":{"line":117,"column":null}},"42":{"start":{"line":118,"column":25},"end":{"line":122,"column":null}},"43":{"start":{"line":124,"column":2},"end":{"line":124,"column":null}}},"fnMap":{"0":{"name":"shuffleArray","decl":{"start":{"line":9,"column":16},"end":{"line":9,"column":32}},"loc":{"start":{"line":9,"column":49},"end":{"line":18,"column":null}},"line":9},"1":{"name":"applyPatternRules","decl":{"start":{"line":23,"column":9},"end":{"line":23,"column":null}},"loc":{"start":{"line":26,"column":49},"end":{"line":59,"column":null}},"line":26},"2":{"name":"(anonymous_2)","decl":{"start":{"line":30,"column":16},"end":{"line":30,"column":17}},"loc":{"start":{"line":30,"column":26},"end":{"line":56,"column":3}},"line":30},"3":{"name":"(anonymous_3)","decl":{"start":{"line":45,"column":10},"end":{"line":45,"column":11}},"loc":{"start":{"line":45,"column":17},"end":{"line":45,"column":null}},"line":45},"4":{"name":"divideRemainingMembers","decl":{"start":{"line":64,"column":9},"end":{"line":64,"column":null}},"loc":{"start":{"line":68,"column":10},"end":{"line":95,"column":null}},"line":68},"5":{"name":"divideTeams","decl":{"start":{"line":103,"column":16},"end":{"line":103,"column":28}},"loc":{"start":{"line":103,"column":75},"end":{"line":125,"column":null}},"line":103}},"branchMap":{"0":{"loc":{"start":{"line":40,"column":26},"end":{"line":40,"column":null}},"type":"cond-expr","locations":[{"start":{"line":40,"column":54},"end":{"line":40,"column":63}},{"start":{"line":40,"column":63},"end":{"line":40,"column":null}}],"line":40},"1":{"loc":{"start":{"line":47,"column":8},"end":{"line":50,"column":null}},"type":"if","locations":[{"start":{"line":47,"column":8},"end":{"line":50,"column":null}},{"start":{},"end":{}}],"line":47},"2":{"loc":{"start":{"line":84,"column":46},"end":{"line":84,"column":null}},"type":"cond-expr","locations":[{"start":{"line":84,"column":62},"end":{"line":84,"column":66}},{"start":{"line":84,"column":66},"end":{"line":84,"column":null}}],"line":84},"3":{"loc":{"start":{"line":106,"column":2},"end":{"line":108,"column":null}},"type":"if","locations":[{"start":{"line":106,"column":2},"end":{"line":108,"column":null}},{"start":{},"end":{}}],"line":106}},"s":{"0":33,"1":33,"2":33,"3":241,"4":241,"5":33,"6":16,"7":16,"8":16,"9":6,"10":6,"11":6,"12":6,"13":6,"14":6,"15":6,"16":19,"17":52,"18":19,"19":19,"20":19,"21":19,"22":19,"23":16,"24":16,"25":16,"26":16,"27":16,"28":16,"29":16,"30":16,"31":43,"32":43,"33":43,"34":43,"35":43,"36":16,"37":21,"38":21,"39":5,"40":16,"41":16,"42":16,"43":16},"f":{"0":33,"1":16,"2":6,"3":52,"4":16,"5":21},"b":{"0":[4,2],"1":[19,0],"2":[14,29],"3":[5,16]},"meta":{"lastBranch":4,"lastFunction":6,"lastStatement":44,"seen":{"f:9:16:9:32":0,"s:10:19:10:Infinity":0,"s:12:2:15:Infinity":1,"s:12:15:12:36":2,"s:13:14:13:Infinity":3,"s:14:4:14:Infinity":4,"s:17:2:17:Infinity":5,"f:23:9:23:Infinity":1,"s:27:24:27:Infinity":6,"s:28:27:28:Infinity":7,"s:30:2:56:Infinity":8,"f:30:16:30:17":2,"s:31:4:55:Infinity":9,"s:31:17:31:20":10,"s:32:25:37:Infinity":11,"s:40:26:40:Infinity":12,"b:40:54:40:63:40:63:40:Infinity":0,"s:41:40:41:Infinity":13,"s:43:6:51:Infinity":14,"s:43:19:43:22":15,"s:44:28:46:Infinity":16,"f:45:10:45:11":3,"s:45:17:45:Infinity":17,"b:47:8:50:Infinity:undefined:undefined:undefined:undefined":1,"s:47:8:50:Infinity":18,"s:48:10:48:Infinity":19,"s:49:10:49:Infinity":20,"s:53:6:53:Infinity":21,"s:54:6:54:Infinity":22,"s:58:2:58:Infinity":23,"f:64:9:64:Infinity":4,"s:69:24:69:Infinity":24,"s:70:26:70:Infinity":25,"s:71:25:71:Infinity":26,"s:72:20:72:Infinity":27,"s:74:20:74:Infinity":28,"s:76:2:92:Infinity":29,"s:76:15:76:18":30,"s:77:23:81:Infinity":31,"s:84:28:84:Infinity":32,"b:84:62:84:66:84:66:84:Infinity":2,"s:85:4:88:Infinity":33,"s:89:4:89:Infinity":34,"s:91:4:91:Infinity":35,"s:94:2:94:Infinity":36,"f:103:16:103:28":5,"s:105:8:105:Infinity":37,"b:106:2:108:Infinity:undefined:undefined:undefined:undefined":3,"s:106:2:108:Infinity":38,"s:107:4:107:Infinity":39,"s:111:52:114:Infinity":40,"s:117:29:117:Infinity":41,"s:118:25:122:Infinity":42,"s:124:2:124:Infinity":43}}}
,"/Users/ta-hasunuma/github/1部/Team-Assignment/src/features/teamDivider/validator.ts": {"path":"/Users/ta-hasunuma/github/1部/Team-Assignment/src/features/teamDivider/validator.ts","statementMap":{"0":{"start":{"line":18,"column":36},"end":{"line":18,"column":null}},"1":{"start":{"line":21,"column":2},"end":{"line":31,"column":null}},"2":{"start":{"line":22,"column":4},"end":{"line":25,"column":null}},"3":{"start":{"line":27,"column":4},"end":{"line":30,"column":null}},"4":{"start":{"line":34,"column":2},"end":{"line":39,"column":null}},"5":{"start":{"line":35,"column":4},"end":{"line":38,"column":null}},"6":{"start":{"line":42,"column":20},"end":{"line":42,"column":null}},"7":{"start":{"line":42,"column":42},"end":{"line":42,"column":60}},"8":{"start":{"line":43,"column":19},"end":{"line":43,"column":null}},"9":{"start":{"line":43,"column":41},"end":{"line":43,"column":58}},"10":{"start":{"line":45,"column":2},"end":{"line":63,"column":null}},"11":{"start":{"line":46,"column":28},"end":{"line":46,"column":null}},"12":{"start":{"line":48,"column":4},"end":{"line":53,"column":null}},"13":{"start":{"line":49,"column":6},"end":{"line":52,"column":null}},"14":{"start":{"line":55,"column":4},"end":{"line":60,"column":null}},"15":{"start":{"line":56,"column":6},"end":{"line":59,"column":null}},"16":{"start":{"line":65,"column":2},"end":{"line":68,"column":null}}},"fnMap":{"0":{"name":"validateConfig","decl":{"start":{"line":14,"column":16},"end":{"line":14,"column":null}},"loc":{"start":{"line":17,"column":20},"end":{"line":69,"column":null}},"line":17},"1":{"name":"(anonymous_1)","decl":{"start":{"line":42,"column":35},"end":{"line":42,"column":36}},"loc":{"start":{"line":42,"column":42},"end":{"line":42,"column":60}},"line":42},"2":{"name":"(anonymous_2)","decl":{"start":{"line":43,"column":34},"end":{"line":43,"column":35}},"loc":{"start":{"line":43,"column":41},"end":{"line":43,"column":58}},"line":43}},"branchMap":{"0":{"loc":{"start":{"line":21,"column":2},"end":{"line":31,"column":null}},"type":"if","locations":[{"start":{"line":21,"column":2},"end":{"line":31,"column":null}},{"start":{},"end":{}}],"line":21},"1":{"loc":{"start":{"line":34,"column":2},"end":{"line":39,"column":null}},"type":"if","locations":[{"start":{"line":34,"column":2},"end":{"line":39,"column":null}},{"start":{},"end":{}}],"line":34},"2":{"loc":{"start":{"line":48,"column":4},"end":{"line":53,"column":null}},"type":"if","locations":[{"start":{"line":48,"column":4},"end":{"line":53,"column":null}},{"start":{},"end":{}}],"line":48},"3":{"loc":{"start":{"line":48,"column":8},"end":{"line":48,"column":66}},"type":"binary-expr","locations":[{"start":{"line":48,"column":8},"end":{"line":48,"column":37}},{"start":{"line":48,"column":37},"end":{"line":48,"column":66}}],"line":48},"4":{"loc":{"start":{"line":55,"column":4},"end":{"line":60,"column":null}},"type":"if","locations":[{"start":{"line":55,"column":4},"end":{"line":60,"column":null}},{"start":{},"end":{}}],"line":55},"5":{"loc":{"start":{"line":55,"column":8},"end":{"line":55,"column":64}},"type":"binary-expr","locations":[{"start":{"line":55,"column":8},"end":{"line":55,"column":36}},{"start":{"line":55,"column":36},"end":{"line":55,"column":64}}],"line":55}},"s":{"0":31,"1":31,"2":5,"3":5,"4":26,"5":1,"6":26,"7":252,"8":26,"9":252,"10":26,"11":14,"12":14,"13":3,"14":14,"15":2,"16":26},"f":{"0":31,"1":252,"2":252},"b":{"0":[5,26],"1":[1,25],"2":[3,11],"3":[14,8],"4":[2,12],"5":[14,5]},"meta":{"lastBranch":6,"lastFunction":3,"lastStatement":17,"seen":{"f:14:16:14:Infinity":0,"s:18:36:18:Infinity":0,"b:21:2:31:Infinity:undefined:undefined:undefined:undefined":0,"s:21:2:31:Infinity":1,"s:22:4:25:Infinity":2,"s:27:4:30:Infinity":3,"b:34:2:39:Infinity:undefined:undefined:undefined:undefined":1,"s:34:2:39:Infinity":4,"s:35:4:38:Infinity":5,"s:42:20:42:Infinity":6,"f:42:35:42:36":1,"s:42:42:42:60":7,"s:43:19:43:Infinity":8,"f:43:34:43:35":2,"s:43:41:43:58":9,"s:45:2:63:Infinity":10,"s:46:28:46:Infinity":11,"b:48:4:53:Infinity:undefined:undefined:undefined:undefined":2,"s:48:4:53:Infinity":12,"b:48:8:48:37:48:37:48:66":3,"s:49:6:52:Infinity":13,"b:55:4:60:Infinity:undefined:undefined:undefined:undefined":4,"s:55:4:60:Infinity":14,"b:55:8:55:36:55:36:55:64":5,"s:56:6:59:Infinity":15,"s:65:2:68:Infinity":16}}}
,"/Users/ta-hasunuma/github/1部/Team-Assignment/src/hooks/useValidation.ts": {"path":"/Users/ta-hasunuma/github/1部/Team-Assignment/src/hooks/useValidation.ts","statementMap":{"0":{"start":{"line":17,"column":2},"end":{"line":100,"column":null}},"1":{"start":{"line":18,"column":29},"end":{"line":18,"column":null}},"2":{"start":{"line":19,"column":31},"end":{"line":19,"column":null}},"3":{"start":{"line":22,"column":4},"end":{"line":25,"column":null}},"4":{"start":{"line":23,"column":6},"end":{"line":23,"column":null}},"5":{"start":{"line":24,"column":6},"end":{"line":24,"column":null}},"6":{"start":{"line":28,"column":4},"end":{"line":30,"column":null}},"7":{"start":{"line":29,"column":6},"end":{"line":29,"column":null}},"8":{"start":{"line":32,"column":4},"end":{"line":36,"column":null}},"9":{"start":{"line":33,"column":6},"end":{"line":35,"column":null}},"10":{"start":{"line":39,"column":24},"end":{"line":39,"column":null}},"11":{"start":{"line":39,"column":46},"end":{"line":39,"column":64}},"12":{"start":{"line":40,"column":23},"end":{"line":40,"column":null}},"13":{"start":{"line":40,"column":45},"end":{"line":40,"column":62}},"14":{"start":{"line":43,"column":30},"end":{"line":43,"column":null}},"15":{"start":{"line":44,"column":29},"end":{"line":44,"column":null}},"16":{"start":{"line":45,"column":33},"end":{"line":45,"column":null}},"17":{"start":{"line":47,"column":4},"end":{"line":57,"column":null}},"18":{"start":{"line":48,"column":34},"end":{"line":48,"column":null}},"19":{"start":{"line":49,"column":6},"end":{"line":49,"column":null}},"20":{"start":{"line":51,"column":6},"end":{"line":55,"column":null}},"21":{"start":{"line":52,"column":8},"end":{"line":52,"column":null}},"22":{"start":{"line":53,"column":6},"end":{"line":55,"column":null}},"23":{"start":{"line":54,"column":8},"end":{"line":54,"column":null}},"24":{"start":{"line":60,"column":4},"end":{"line":64,"column":null}},"25":{"start":{"line":61,"column":6},"end":{"line":63,"column":null}},"26":{"start":{"line":67,"column":4},"end":{"line":71,"column":null}},"27":{"start":{"line":68,"column":6},"end":{"line":70,"column":null}},"28":{"start":{"line":74,"column":4},"end":{"line":78,"column":null}},"29":{"start":{"line":75,"column":6},"end":{"line":77,"column":null}},"30":{"start":{"line":81,"column":4},"end":{"line":85,"column":null}},"31":{"start":{"line":82,"column":6},"end":{"line":84,"column":null}},"32":{"start":{"line":88,"column":4},"end":{"line":93,"column":null}},"33":{"start":{"line":89,"column":29},"end":{"line":89,"column":null}},"34":{"start":{"line":90,"column":6},"end":{"line":92,"column":null}},"35":{"start":{"line":95,"column":4},"end":{"line":99,"column":null}}},"fnMap":{"0":{"name":"useValidation","decl":{"start":{"line":13,"column":16},"end":{"line":13,"column":null}},"loc":{"start":{"line":16,"column":20},"end":{"line":101,"column":null}},"line":16},"1":{"name":"(anonymous_1)","decl":{"start":{"line":17,"column":17},"end":{"line":17,"column":23}},"loc":{"start":{"line":17,"column":23},"end":{"line":100,"column":5}},"line":17},"2":{"name":"(anonymous_2)","decl":{"start":{"line":39,"column":39},"end":{"line":39,"column":40}},"loc":{"start":{"line":39,"column":46},"end":{"line":39,"column":64}},"line":39},"3":{"name":"(anonymous_3)","decl":{"start":{"line":40,"column":38},"end":{"line":40,"column":39}},"loc":{"start":{"line":40,"column":45},"end":{"line":40,"column":62}},"line":40},"4":{"name":"(anonymous_4)","decl":{"start":{"line":47,"column":25},"end":{"line":47,"column":26}},"loc":{"start":{"line":47,"column":35},"end":{"line":57,"column":5}},"line":47}},"branchMap":{"0":{"loc":{"start":{"line":22,"column":4},"end":{"line":25,"column":null}},"type":"if","locations":[{"start":{"line":22,"column":4},"end":{"line":25,"column":null}},{"start":{},"end":{}}],"line":22},"1":{"loc":{"start":{"line":28,"column":4},"end":{"line":30,"column":null}},"type":"if","locations":[{"start":{"line":28,"column":4},"end":{"line":30,"column":null}},{"start":{},"end":{}}],"line":28},"2":{"loc":{"start":{"line":32,"column":4},"end":{"line":36,"column":null}},"type":"if","locations":[{"start":{"line":32,"column":4},"end":{"line":36,"column":null}},{"start":{},"end":{}}],"line":32},"3":{"loc":{"start":{"line":51,"column":6},"end":{"line":55,"column":null}},"type":"if","locations":[{"start":{"line":51,"column":6},"end":{"line":55,"column":null}},{"start":{"line":53,"column":6},"end":{"line":55,"column":null}}],"line":51},"4":{"loc":{"start":{"line":53,"column":6},"end":{"line":55,"column":null}},"type":"if","locations":[{"start":{"line":53,"column":6},"end":{"line":55,"column":null}},{"start":{},"end":{}}],"line":53},"5":{"loc":{"start":{"line":60,"column":4},"end":{"line":64,"column":null}},"type":"if","locations":[{"start":{"line":60,"column":4},"end":{"line":64,"column":null}},{"start":{},"end":{}}],"line":60},"6":{"loc":{"start":{"line":67,"column":4},"end":{"line":71,"column":null}},"type":"if","locations":[{"start":{"line":67,"column":4},"end":{"line":71,"column":null}},{"start":{},"end":{}}],"line":67},"7":{"loc":{"start":{"line":74,"column":4},"end":{"line":78,"column":null}},"type":"if","locations":[{"start":{"line":74,"column":4},"end":{"line":78,"column":null}},{"start":{},"end":{}}],"line":74},"8":{"loc":{"start":{"line":81,"column":4},"end":{"line":85,"column":null}},"type":"if","locations":[{"start":{"line":81,"column":4},"end":{"line":85,"column":null}},{"start":{},"end":{}}],"line":81},"9":{"loc":{"start":{"line":88,"column":4},"end":{"line":93,"column":null}},"type":"if","locations":[{"start":{"line":88,"column":4},"end":{"line":93,"column":null}},{"start":{},"end":{}}],"line":88},"10":{"loc":{"start":{"line":88,"column":8},"end":{"line":88,"column":79}},"type":"binary-expr","locations":[{"start":{"line":88,"column":8},"end":{"line":88,"column":35}},{"start":{"line":88,"column":35},"end":{"line":88,"column":79}}],"line":88}},"s":{"0":18,"1":15,"2":15,"3":15,"4":1,"5":1,"6":14,"7":1,"8":14,"9":1,"10":14,"11":102,"12":14,"13":102,"14":14,"15":14,"16":14,"17":14,"18":6,"19":6,"20":6,"21":4,"22":2,"23":1,"24":14,"25":1,"26":14,"27":1,"28":14,"29":1,"30":14,"31":4,"32":14,"33":4,"34":4,"35":14},"f":{"0":18,"1":15,"2":102,"3":102,"4":6},"b":{"0":[1,14],"1":[1,13],"2":[1,13],"3":[4,2],"4":[1,1],"5":[1,13],"6":[1,13],"7":[1,13],"8":[4,10],"9":[4,10],"10":[14,5]},"meta":{"lastBranch":11,"lastFunction":5,"lastStatement":36,"seen":{"f:13:16:13:Infinity":0,"s:17:2:100:Infinity":0,"f:17:17:17:23":1,"s:18:29:18:Infinity":1,"s:19:31:19:Infinity":2,"b:22:4:25:Infinity:undefined:undefined:undefined:undefined":0,"s:22:4:25:Infinity":3,"s:23:6:23:Infinity":4,"s:24:6:24:Infinity":5,"b:28:4:30:Infinity:undefined:undefined:undefined:undefined":1,"s:28:4:30:Infinity":6,"s:29:6:29:Infinity":7,"b:32:4:36:Infinity:undefined:undefined:undefined:undefined":2,"s:32:4:36:Infinity":8,"s:33:6:35:Infinity":9,"s:39:24:39:Infinity":10,"f:39:39:39:40":2,"s:39:46:39:64":11,"s:40:23:40:Infinity":12,"f:40:38:40:39":3,"s:40:45:40:62":13,"s:43:30:43:Infinity":14,"s:44:29:44:Infinity":15,"s:45:33:45:Infinity":16,"s:47:4:57:Infinity":17,"f:47:25:47:26":4,"s:48:34:48:Infinity":18,"s:49:6:49:Infinity":19,"b:51:6:55:Infinity:53:6:55:Infinity":3,"s:51:6:55:Infinity":20,"s:52:8:52:Infinity":21,"b:53:6:55:Infinity:undefined:undefined:undefined:undefined":4,"s:53:6:55:Infinity":22,"s:54:8:54:Infinity":23,"b:60:4:64:Infinity:undefined:undefined:undefined:undefined":5,"s:60:4:64:Infinity":24,"s:61:6:63:Infinity":25,"b:67:4:71:Infinity:undefined:undefined:undefined:undefined":6,"s:67:4:71:Infinity":26,"s:68:6:70:Infinity":27,"b:74:4:78:Infinity:undefined:undefined:undefined:undefined":7,"s:74:4:78:Infinity":28,"s:75:6:77:Infinity":29,"b:81:4:85:Infinity:undefined:undefined:undefined:undefined":8,"s:81:4:85:Infinity":30,"s:82:6:84:Infinity":31,"b:88:4:93:Infinity:undefined:undefined:undefined:undefined":9,"s:88:4:93:Infinity":32,"b:88:8:88:35:88:35:88:79":10,"s:89:29:89:Infinity":33,"s:90:6:92:Infinity":34,"s:95:4:99:Infinity":35}}}
,"/Users/ta-hasunuma/github/1部/Team-Assignment/src/store/teamStore.ts": {"path":"/Users/ta-hasunuma/github/1部/Team-Assignment/src/store/teamStore.ts","statementMap":{"0":{"start":{"line":36,"column":21},"end":{"line":45,"column":null}},"1":{"start":{"line":47,"column":13},"end":{"line":118,"column":null}},"2":{"start":{"line":47,"column":61},"end":{"line":118,"column":2}},"3":{"start":{"line":52,"column":4},"end":{"line":54,"column":null}},"4":{"start":{"line":52,"column":20},"end":{"line":54,"column":6}},"5":{"start":{"line":57,"column":4},"end":{"line":59,"column":null}},"6":{"start":{"line":57,"column":20},"end":{"line":59,"column":6}},"7":{"start":{"line":58,"column":43},"end":{"line":58,"column":60}},"8":{"start":{"line":62,"column":4},"end":{"line":66,"column":null}},"9":{"start":{"line":62,"column":20},"end":{"line":66,"column":6}},"10":{"start":{"line":64,"column":8},"end":{"line":64,"column":null}},"11":{"start":{"line":69,"column":4},"end":{"line":71,"column":null}},"12":{"start":{"line":75,"column":4},"end":{"line":77,"column":null}},"13":{"start":{"line":75,"column":20},"end":{"line":77,"column":6}},"14":{"start":{"line":80,"column":4},"end":{"line":85,"column":null}},"15":{"start":{"line":80,"column":20},"end":{"line":85,"column":6}},"16":{"start":{"line":88,"column":4},"end":{"line":93,"column":null}},"17":{"start":{"line":88,"column":20},"end":{"line":93,"column":6}},"18":{"start":{"line":91,"column":48},"end":{"line":91,"column":63}},"19":{"start":{"line":97,"column":32},"end":{"line":97,"column":null}},"20":{"start":{"line":99,"column":4},"end":{"line":99,"column":null}},"21":{"start":{"line":101,"column":4},"end":{"line":110,"column":null}},"22":{"start":{"line":102,"column":12},"end":{"line":102,"column":null}},"23":{"start":{"line":103,"column":6},"end":{"line":103,"column":null}},"24":{"start":{"line":105,"column":6},"end":{"line":109,"column":null}},"25":{"start":{"line":114,"column":4},"end":{"line":117,"column":null}}},"fnMap":{"0":{"name":"(anonymous_0)","decl":{"start":{"line":47,"column":46},"end":{"line":47,"column":47}},"loc":{"start":{"line":47,"column":61},"end":{"line":118,"column":2}},"line":47},"1":{"name":"(anonymous_1)","decl":{"start":{"line":51,"column":13},"end":{"line":51,"column":14}},"loc":{"start":{"line":52,"column":4},"end":{"line":54,"column":null}},"line":52},"2":{"name":"(anonymous_2)","decl":{"start":{"line":52,"column":8},"end":{"line":52,"column":9}},"loc":{"start":{"line":52,"column":20},"end":{"line":54,"column":6}},"line":52},"3":{"name":"(anonymous_3)","decl":{"start":{"line":56,"column":16},"end":{"line":56,"column":17}},"loc":{"start":{"line":57,"column":4},"end":{"line":59,"column":null}},"line":57},"4":{"name":"(anonymous_4)","decl":{"start":{"line":57,"column":8},"end":{"line":57,"column":9}},"loc":{"start":{"line":57,"column":20},"end":{"line":59,"column":6}},"line":57},"5":{"name":"(anonymous_5)","decl":{"start":{"line":58,"column":36},"end":{"line":58,"column":37}},"loc":{"start":{"line":58,"column":43},"end":{"line":58,"column":60}},"line":58},"6":{"name":"(anonymous_6)","decl":{"start":{"line":61,"column":16},"end":{"line":61,"column":17}},"loc":{"start":{"line":62,"column":4},"end":{"line":66,"column":null}},"line":62},"7":{"name":"(anonymous_7)","decl":{"start":{"line":62,"column":8},"end":{"line":62,"column":9}},"loc":{"start":{"line":62,"column":20},"end":{"line":66,"column":6}},"line":62},"8":{"name":"(anonymous_8)","decl":{"start":{"line":63,"column":33},"end":{"line":63,"column":34}},"loc":{"start":{"line":64,"column":8},"end":{"line":64,"column":null}},"line":64},"9":{"name":"(anonymous_9)","decl":{"start":{"line":68,"column":16},"end":{"line":68,"column":null}},"loc":{"start":{"line":69,"column":4},"end":{"line":71,"column":null}},"line":69},"10":{"name":"(anonymous_10)","decl":{"start":{"line":74,"column":16},"end":{"line":74,"column":17}},"loc":{"start":{"line":75,"column":4},"end":{"line":77,"column":null}},"line":75},"11":{"name":"(anonymous_11)","decl":{"start":{"line":75,"column":8},"end":{"line":75,"column":9}},"loc":{"start":{"line":75,"column":20},"end":{"line":77,"column":6}},"line":75},"12":{"name":"(anonymous_12)","decl":{"start":{"line":79,"column":18},"end":{"line":79,"column":19}},"loc":{"start":{"line":80,"column":4},"end":{"line":85,"column":null}},"line":80},"13":{"name":"(anonymous_13)","decl":{"start":{"line":80,"column":8},"end":{"line":80,"column":9}},"loc":{"start":{"line":80,"column":20},"end":{"line":85,"column":6}},"line":80},"14":{"name":"(anonymous_14)","decl":{"start":{"line":87,"column":21},"end":{"line":87,"column":22}},"loc":{"start":{"line":88,"column":4},"end":{"line":93,"column":null}},"line":88},"15":{"name":"(anonymous_15)","decl":{"start":{"line":88,"column":8},"end":{"line":88,"column":9}},"loc":{"start":{"line":88,"column":20},"end":{"line":93,"column":6}},"line":88},"16":{"name":"(anonymous_16)","decl":{"start":{"line":91,"column":41},"end":{"line":91,"column":42}},"loc":{"start":{"line":91,"column":48},"end":{"line":91,"column":63}},"line":91},"17":{"name":"(anonymous_17)","decl":{"start":{"line":96,"column":15},"end":{"line":96,"column":21}},"loc":{"start":{"line":96,"column":21},"end":{"line":111,"column":null}},"line":96},"18":{"name":"(anonymous_18)","decl":{"start":{"line":113,"column":14},"end":{"line":113,"column":null}},"loc":{"start":{"line":114,"column":4},"end":{"line":117,"column":null}},"line":114}},"branchMap":{"0":{"loc":{"start":{"line":64,"column":8},"end":{"line":64,"column":null}},"type":"cond-expr","locations":[{"start":{"line":64,"column":28},"end":{"line":64,"column":51}},{"start":{"line":64,"column":51},"end":{"line":64,"column":null}}],"line":64},"1":{"loc":{"start":{"line":107,"column":10},"end":{"line":107,"column":null}},"type":"cond-expr","locations":[{"start":{"line":107,"column":35},"end":{"line":107,"column":51}},{"start":{"line":107,"column":51},"end":{"line":107,"column":null}}],"line":107}},"s":{"0":2,"1":2,"2":2,"3":5,"4":5,"5":33,"6":33,"7":196,"8":3,"9":3,"10":30,"11":30,"12":31,"13":31,"14":7,"15":7,"16":2,"17":2,"18":2,"19":12,"20":12,"21":12,"22":12,"23":12,"24":3,"25":31},"f":{"0":2,"1":5,"2":5,"3":33,"4":33,"5":196,"6":3,"7":3,"8":30,"9":30,"10":31,"11":31,"12":7,"13":7,"14":2,"15":2,"16":2,"17":12,"18":31},"b":{"0":[2,28],"1":[3,0]},"meta":{"lastBranch":2,"lastFunction":19,"lastStatement":26,"seen":{"s:36:21:45:Infinity":0,"s:47:13:118:Infinity":1,"f:47:46:47:47":0,"s:47:61:118:2":2,"f:51:13:51:14":1,"s:52:4:54:Infinity":3,"f:52:8:52:9":2,"s:52:20:54:6":4,"f:56:16:56:17":3,"s:57:4:59:Infinity":5,"f:57:8:57:9":4,"s:57:20:59:6":6,"f:58:36:58:37":5,"s:58:43:58:60":7,"f:61:16:61:17":6,"s:62:4:66:Infinity":8,"f:62:8:62:9":7,"s:62:20:66:6":9,"f:63:33:63:34":8,"s:64:8:64:Infinity":10,"b:64:28:64:51:64:51:64:Infinity":0,"f:68:16:68:Infinity":9,"s:69:4:71:Infinity":11,"f:74:16:74:17":10,"s:75:4:77:Infinity":12,"f:75:8:75:9":11,"s:75:20:77:6":13,"f:79:18:79:19":12,"s:80:4:85:Infinity":14,"f:80:8:80:9":13,"s:80:20:85:6":15,"f:87:21:87:22":14,"s:88:4:93:Infinity":16,"f:88:8:88:9":15,"s:88:20:93:6":17,"f:91:41:91:42":16,"s:91:48:91:63":18,"f:96:15:96:21":17,"s:97:32:97:Infinity":19,"s:99:4:99:Infinity":20,"s:101:4:110:Infinity":21,"s:102:12:102:Infinity":22,"s:103:6:103:Infinity":23,"s:105:6:109:Infinity":24,"b:107:35:107:51:107:51:107:Infinity":1,"f:113:14:113:Infinity":18,"s:114:4:117:Infinity":25}}}
}
